1461
1
2
ehb-b 1
dab-b 1
2
3
dgc-c 4
dgj-c 1
fcd-c 1
3
2
bcb-d 2
ii-d 4
4
1
hic-e 3
5
2
bdjf-f 1
jbb-f 6
6
2
gic-g 2
iee-g 4
8
2
gie-i 2
geg-i 1
9
2
fbj-j 1
heg-j 3
11
4
bgf-bb 1
bcef-bb 5
bee-bb 1
bcea-bb 1
12
2
hbf-bc 1
dgf-bc 5
13
1
bejh-bd 3
14
3
bbbj-be 1
fec-be 1
beai-be 2
15
1
hi-bf 2
16
2
bdii-bg 4
baae-bg 3
17
2
ihi-bh 2
bgeh-bh 1
18
2
fic-bi 1
babg-bi 4
19
1
bdbf-bj 8
22
1
jgi-cc 4
23
2
ffb-cd 4
dbg-cd 2
24
1
jag-ce 4
25
2
eac-cf 4
def-cf 1
27
1
bjd-ch 6
28
3
hfh-ci 1
gbg-ci 1
bffg-ci 3
29
2
bfgd-cj 2
fbi-cj 1
30
5
bcei-da 1
bhd-da 2
beib-da 1
fai-da 2
eej-da 2
31
3
cd-db 1
gi-db 5
bbde-db 1
32
4
iej-dc 1
ecg-dc 1
ifh-dc 3
bbgj-dc 1
35
2
igi-df 3
bfgb-df 2
36
6
bgfe-dg 1
bcii-dg 2
bdfc-dg 1
bcag-dg 1
hah-dg 2
bebe-dg 1
37
2
bagf-dh 1
hha-dh 4
38
1
haf-di 1
40
2
eee-ea 1
jjh-ea 5
41
2
bbfc-eb 1
cdi-eb 2
42
1
cdc-ec 5
43
1
bcia-ed 5
45
2
ige-ef 1
beeh-ef 6
46
1
ggg-eg 5
47
3
bbfg-eh 2
gdh-eh 1
bbei-eh 2
48
1
jfj-ei 6
49
1
baig-ej 3
50
1
dhe-fa 6
51
2
bcch-fb 1
dfa-fb 2
52
2
fif-fc 2
bfch-fc 3
53
1
dhe-fd 4
54
1
jic-fe 1
55
1
gb-ff 7
56
1
bfaf-fg 1
57
1
bejb-fh 7
58
3
hee-fi 1
bfdg-fi 1
fg-fi 1
60
1
fga-ga 6
61
2
bbjc-gb 1
bbeb-gb 1
62
3
gge-gc 4
eie-gc 1
bdfa-gc 1
63
3
icd-gd 4
bfgc-gd 3
daj-gd 1
66
4
bfjf-gg 1
jhg-gg 2
cdh-gg 1
idf-gg 1
67
1
bddh-gh 3
68
3
ch-gi 1
bcff-gi 1
cbe-gi 1
70
1
bda-ha 3
71
2
iaa-hb 1
efh-hb 1
72
2
dbf-hc 3
ejc-hc 1
74
3
bcjc-he 4
hc-he 2
bebb-he 1
75
2
bdbc-hf 1
hie-hf 3
76
2
bja-hg 2
cgj-hg 2
77
2
bjb-hh 1
gcj-hh 6
78
2
iba-hi 2
baec-hi 3
79
2
jfc-hj 2
gfg-hj 1
80
2
bdjd-ia 1
bfeh-ia 3
81
1
ghd-ib 4
82
1
bedh-ic 3
83
1
eab-id 4
84
3
eeh-ie 2
haj-ie 2
dej-ie 1
85
2
bcge-if 2
bfce-if 1
87
1
cgh-ih 3
88
4
bgfi-ii 1
chf-ii 1
dgc-ii 1
bacj-ii 3
89
2
ife-ij 2
bcd-ij 2
90
1
hij-ja 3
92
5
bbjg-jc 2
fci-jc 1
babi-jc 1
hj-jc 1
gii-jc 1
93
1
fhj-jd 2
94
4
fcf-je 1
gdf-je 1
bi-je 1
bfc-je 3
95
1
iae-jf 3
96
1
daf-jg 3
97
4
bbfg-jh 1
dai-jh 1
bcbf-jh 3
hib-jh 1
98
3
bdjh-ji 1
bccj-ji 3
beaa-ji 1
99
1
bcee-jj 3
100
3
fhg-baa 3
efg-baa 1
dig-baa 1
101
1
chf-bab 4
102
2
bfe-bac 3
gja-bac 2
103
1
bha-bad 3
104
2
bdga-bae 1
dgj-bae 3
105
2
bdbh-baf 4
cj-baf 1
106
3
bfce-bag 4
bbfi-bag 2
fic-bag 1
107
5
bbcc-bah 1
ifd-bah 1
hbf-bah 2
gjh-bah 1
deg-bah 1
110
1
gdc-bba 5
111
2
d-bbb 3
fdh-bbb 1
112
3
chf-bbc 2
jje-bbc 1
gbg-bbc 2
114
2
cie-bbe 2
cb-bbe 1
115
2
bage-bbf 4
bei-bbf 1
116
3
eg-bbg 1
gdc-bbg 2
iff-bbg 3
117
2
bacc-bbh 1
gjh-bbh 2
118
2
gfd-bbi 4
beeh-bbi 5
119
4
fag-bbj 2
ige-bbj 1
bbag-bbj 2
eh-bbj 2
120
5
gaf-bca 2
cc-bca 1
gae-bca 1
cji-bca 1
eae-bca 1
121
3
bbgc-bcb 1
bbdg-bcb 2
fba-bcb 1
122
3
bbff-bcc 1
bbab-bcc 1
jg-bcc 5
123
2
jec-bcd 2
eed-bcd 3
124
4
gef-bce 2
fed-bce 1
bb-bce 1
bi-bce 4
125
1
cea-bcf 4
126
1
g-bcg 7
127
2
fbh-bch 1
bgbf-bch 5
128
6
bbhe-bci 1
bbc-bci 2
bbf-bci 1
bagb-bci 1
fag-bci 1
bcbc-bci 1
129
2
iff-bcj 2
icj-bcj 5
130
4
ffa-bda 3
dhg-bda 1
dfj-bda 1
eh-bda 1
131
2
deh-bdb 1
efd-bdb 7
132
7
bfea-bdc 1
bbfe-bdc 1
cfc-bdc 1
fdc-bdc 1
fee-bdc 1
bbjh-bdc 3
jbg-bdc 1
133
3
bcgc-bdd 2
bece-bdd 1
bjf-bdd 2
134
1
gge-bde 6
135
4
gbf-bdf 2
bbab-bdf 1
gea-bdf 2
hcg-bdf 1
136
3
cha-bdg 3
bahh-bdg 2
bbij-bdg 3
137
2
edg-bdh 1
feh-bdh 3
138
3
gci-bdi 1
iic-bdi 3
jbe-bdi 2
139
6
igg-bdj 2
hhc-bdj 1
geh-bdj 1
jfe-bdj 1
igb-bdj 1
bbbh-bdj 1
140
1
dgc-bea 4
141
1
hia-beb 8
142
6
bdei-bec 1
hea-bec 1
eei-bec 3
ii-bec 1
ica-bec 1
hj-bec 1
143
1
cd-bed 6
144
2
bgbe-bee 1
gjd-bee 4
145
1
dai-bef 4
147
2
ieh-beh 8
hi-beh 1
148
4
bcgi-bei 2
fge-bei 1
jbi-bei 1
jca-bei 1
149
2
fif-bej 2
bdb-bej 3
150
1
cjd-bfa 5
151
1
bdji-bfb 2
152
4
gbi-bfc 6
bafi-bfc 1
dcb-bfc 1
ifh-bfc 1
154
2
baea-bfe 4
dch-bfe 1
155
2
gfe-bff 3
eec-bff 1
156
3
hhe-bfg 3
bgac-bfg 3
hj-bfg 2
157
1
bae-bfh 4
158
5
bgci-bfi 1
gaa-bfi 1
jhe-bfi 2
idg-bfi 2
ich-bfi 1
159
3
jjj-bfj 2
gif-bfj 2
bii-bfj 1
160
2
hbd-bga 1
efe-bga 2
161
2
hea-bgb 5
cgc-bgb 1
162
1
bdeh-bgc 7
163
1
bgdh-bgd 5
164
1
hci-bge 3
165
1
iaa-bgf 4
166
4
bcaa-bgg 1
ehg-bgg 1
heh-bgg 1
babe-bgg 3
167
2
dbg-bgh 1
bfgh-bgh 4
168
3
cbi-bgi 4
daj-bgi 2
eij-bgi 2
169
2
bffe-bgj 1
hch-bgj 4
170
2
ddd-bha 2
gi-bha 6
171
2
bfbi-bhb 2
hhd-bhb 4
172
3
bbfd-bhc 2
bfe-bhc 1
bagf-bhc 3
173
1
hj-bhd 4
174
1
daa-bhe 5
175
1
bci-bhf 6
176
3
iga-bhg 4
bci-bhg 2
cdi-bhg 1
178
4
cdb-bhi 1
eaj-bhi 1
ibh-bhi 1
gbb-bhi 2
179
1
bafb-bhj 7
180
1
cch-bia 4
181
1
eae-bib 3
184
4
bde-bie 7
bef-bie 2
dbe-bie 1
eig-bie 1
185
2
bgcg-bif 2
babf-bif 3
187
2
dcf-bih 1
bcff-bih 3
188
2
bga-bii 3
bcej-bii 2
189
3
cha-bij 1
ba-bij 4
cia-bij 1
190
2
ded-bja 1
dca-bja 2
191
2
bcdb-bjb 3
bbee-bjb 1
192
1
baad-bjc 5
193
2
hdg-bjd 3
ghb-bjd 2
194
1
ecd-bje 4
195
4
bccc-bjf 1
baff-bjf 1
ecg-bjf 2
hic-bjf 2
196
1
df-bjg 3
197
1
cd-bjh 6
198
1
beeb-bji 4
199
3
gci-bjj 2
jhe-bjj 1
baad-bjj 1
200
3
djj-caa 1
bafd-caa 4
ecb-caa 1
201
2
cjd-cab 2
bdg-cab 4
202
4
dbf-cac 1
djc-cac 2
bbdh-cac 1
fid-cac 1
204
4
jcd-cae 1
bccg-cae 4
cci-cae 1
bcb-cae 2
205
2
gag-caf 2
bafb-caf 1
206
1
cie-cag 4
207
1
bebe-cah 6
208
1
jda-cai 2
210
4
bbjf-cba 1
bgdd-cba 1
bfi-cba 1
bccb-cba 1
212
2
efg-cbc 1
bcdg-cbc 1
213
4
jfc-cbd 4
jej-cbd 1
bif-cbd 1
cec-cbd 2
214
1
bbcc-cbe 1
216
2
bbfi-cbg 3
becj-cbg 1
217
2
jhi-cbh 1
bhi-cbh 4
218
2
ebh-cbi 2
ede-cbi 1
219
2
gjj-cbj 3
hi-cbj 2
220
2
eea-cca 3
bbdb-cca 3
221
1
jeh-ccb 6
222
3
bcda-ccc 1
jfh-ccc 1
eag-ccc 1
223
3
cjf-ccd 2
feh-ccd 2
bajb-ccd 2
225
6
bfdd-ccf 2
ihi-ccf 1
dca-ccf 1
ga-ccf 1
hcc-ccf 1
jeg-ccf 1
227
2
egd-cch 1
baaf-cch 3
228
2
bbfd-cci 3
bgbg-cci 1
229
2
cch-ccj 4
hji-ccj 2
231
2
bff-cdb 1
ejg-cdb 3
232
3
fad-cdc 1
ddj-cdc 4
hjg-cdc 1
233
2
db-cdd 1
bebi-cdd 1
234
1
bi-cde 7
235
4
bhj-cdf 1
dfa-cdf 1
badh-cdf 2
fjc-cdf 1
236
2
bfjd-cdg 5
dff-cdg 1
237
2
bbja-cdh 2
gfd-cdh 1
238
2
beha-cdi 1
j-cdi 3
239
1
ega-cdj 3
240
3
cac-cea 2
jaj-cea 3
che-cea 2
241
2
bdea-ceb 5
bfj-ceb 1
242
1
bad-cec 4
243
1
bbgc-ced 3
244
1
ic-cee 3
245
3
dab-cef 1
bfi-cef 1
bha-cef 2
246
1
gdg-ceg 4
247
1
eeg-ceh 4
249
3
bbeg-cej 1
bh-cej 5
bbee-cej 2
250
3
gei-cfa 1
ice-cfa 1
bdhb-cfa 3
251
2
fhe-cfb 3
fgg-cfb 4
252
2
ieg-cfc 2
gef-cfc 1
253
1
cje-cfd 6
255
3
bafc-cff 2
ejg-cff 1
hda-cff 2
256
4
bbdg-cfg 1
bfdb-cfg 1
ej-cfg 1
gic-cfg 1
257
2
fjh-cfh 5
cie-cfh 2
258
1
dhi-cfi 5
259
1
cfi-cfj 6
260
3
bhb-cga 4
bcjf-cga 1
chf-cga 2
261
3
da-cgb 1
deb-cgb 3
gdf-cgb 1
262
2
hfc-cgc 5
ica-cgc 1
263
2
bafd-cgd 2
dcf-cgd 4
265
2
bgbh-cgf 2
fcc-cgf 3
267
4
babb-cgh 1
hc-cgh 2
cag-cgh 1
bdhc-cgh 1
268
3
baaa-cgi 1
fdh-cgi 2
ia-cgi 2
269
1
ifi-cgj 4
270
3
gfh-cha 2
egj-cha 3
ged-cha 1
271
2
bcbi-chb 1
fff-chb 2
272
3
bbfj-chc 3
hba-chc 1
jhd-chc 1
273
1
bfbg-chd 4
274
1
befj-che 4
275
2
eca-chf 2
fch-chf 3
276
1
iab-chg 4
278
2
bbea-chi 2
bbc-chi 4
279
3
jg-chj 1
fjd-chj 2
fg-chj 3
280
1
jej-cia 4
281
5
bcce-cib 1
hh-cib 1
bdhb-cib 1
bdhh-cib 1
eha-cib 1
283
3
hgg-cid 4
cjb-cid 6
cab-cid 1
284
2
jfi-cie 1
gg-cie 2
285
3
bcja-cif 1
gfe-cif 1
dae-cif 6
286
3
dge-cig 3
hbj-cig 2
eef-cig 1
287
1
icg-cih 2
288
1
baha-cii 6
289
1
dgf-cij 4
290
4
ead-cja 1
hcj-cja 1
bcaa-cja 1
ehg-cja 3
291
2
beba-cjb 1
jbi-cjb 3
292
4
bfgi-cjc 1
db-cjc 1
bada-cjc 1
bcih-cjc 1
293
1
bdaa-cjd 2
294
1
cea-cje 3
295
1
dba-cjf 3
298
2
hbd-cji 5
bdce-cji 1
299
2
jah-cjj 1
bfeb-cjj 5
300
4
bbhc-daa 1
bfde-daa 2
jjb-daa 1
ih-daa 2
301
2
bef-dab 2
hi-dab 4
302
3
iid-dac 1
dce-dac 3
bgi-dac 1
303
2
gfd-dad 1
gfe-dad 3
304
2
bcib-dae 3
baaa-dae 1
305
3
badi-daf 1
bdcb-daf 5
fbb-daf 1
307
1
ihj-dah 4
308
2
ebd-dai 3
bchi-dai 3
309
4
dce-daj 2
dhe-daj 2
geh-daj 1
fhj-daj 1
310
2
bff-dba 2
hhj-dba 1
311
3
cjb-dbb 1
eaa-dbb 2
dfc-dbb 1
312
2
hca-dbc 1
dah-dbc 1
313
1
gcb-dbd 5
314
2
dac-dbe 1
bcaf-dbe 2
315
2
gib-dbf 2
baad-dbf 5
316
3
iag-dbg 1
ffg-dbg 1
dab-dbg 1
317
1
fha-dbh 5
319
1
dhd-dbj 6
320
4
a-dca 1
bdii-dca 1
jbi-dca 1
bda-dca 2
321
3
fi-dcb 1
eda-dcb 4
gad-dcb 1
322
5
fbb-dcc 3
jah-dcc 2
chf-dcc 2
heg-dcc 1
di-dcc 1
323
1
gda-dcd 4
324
2
ebg-dce 3
jef-dce 1
325
1
bbja-dcf 5
326
1
dca-dcg 3
327
3
jai-dch 2
dh-dch 1
bdgc-dch 2
328
3
bcef-dci 1
ehi-dci 1
ddg-dci 3
329
1
jcg-dcj 5
331
1
bbdj-ddb 6
332
2
dac-ddc 1
bfjb-ddc 4
333
1
beef-ddd 4
334
6
d-dde 1
fbe-dde 1
ifj-dde 1
ghh-dde 1
bbj-dde 2
dbe-dde 3
335
4
fcf-ddf 4
eb-ddf 1
eij-ddf 1
id-ddf 1
336
2
eid-ddg 1
cgc-ddg 2
337
1
baa-ddh 4
338
1
ehd-ddi 6
339
3
ihj-ddj 3
ecg-ddj 1
haa-ddj 2
340
4
edh-dea 2
dia-dea 1
ief-dea 1
ejd-dea 2
341
4
hfg-deb 1
hgj-deb 1
cbi-deb 1
fei-deb 3
342
2
bfg-dec 3
bcgh-dec 2
343
5
ddc-ded 1
bdbb-ded 1
ihf-ded 1
gij-ded 1
jab-ded 1
344
3
dej-dee 1
fji-dee 3
cia-dee 1
345
1
jfi-def 3
346
3
fhd-deg 2
eec-deg 1
hia-deg 3
347
2
iji-deh 3
dj-deh 1
349
4
bcah-dej 1
fda-dej 1
babg-dej 1
dif-dej 1
350
2
fie-dfa 2
ege-dfa 3
351
1
e-dfb 3
352
2
fgj-dfc 6
fgg-dfc 1
353
2
idj-dfd 4
bfcc-dfd 2
354
3
baac-dfe 1
ejd-dfe 2
ii-dfe 1
355
4
heg-dff 2
jha-dff 1
gie-dff 1
hii-dff 1
356
1
eib-dfg 3
357
4
fee-dfh 1
beci-dfh 1
fhb-dfh 1
bbcb-dfh 2
358
2
egd-dfi 2
hgh-dfi 1
359
1
bbah-dfj 3
360
2
bcdg-dga 3
fff-dga 2
361
1
bcae-dgb 2
362
3
jic-dgc 1
bdbb-dgc 1
fib-dgc 4
363
3
bbjf-dgd 1
bajj-dgd 3
badi-dgd 5
364
4
bccf-dge 1
hcj-dge 2
ef-dge 2
beaa-dge 1
365
2
bffd-dgf 1
bbba-dgf 3
366
1
bg-dgg 3
367
1
idi-dgh 2
368
1
deb-dgi 5
369
4
ghb-dgj 1
bea-dgj 1
bcab-dgj 1
gg-dgj 1
370
1
dji-dha 4
371
2
d-dhb 1
ebh-dhb 2
372
5
bbce-dhc 1
bbed-dhc 1
bdab-dhc 1
jii-dhc 1
dbg-dhc 3
373
5
baeg-dhd 1
cdi-dhd 1
hfh-dhd 1
ije-dhd 2
dgh-dhd 1
374
6
ieg-dhe 1
ehb-dhe 1
dca-dhe 1
bbii-dhe 1
bbhi-dhe 1
bbhb-dhe 1
375
3
baga-dhf 1
cjd-dhf 3
ebj-dhf 1
376
2
begf-dhg 1
bfe-dhg 3
377
2
dgf-dhh 1
bdac-dhh 4
378
2
ihg-dhi 5
fjf-dhi 1
379
4
begh-dhj 1
ddj-dhj 1
icc-dhj 1
idf-dhj 4
380
1
ecg-dia 4
382
1
edj-dic 8
384
3
fac-die 1
baag-die 3
fig-die 2
385
1
bbdh-dif 1
386
3
hih-dig 1
fcd-dig 1
edj-dig 1
387
1
fdg-dih 2
388
2
bage-dii 1
bdeg-dii 1
389
4
bacf-dij 1
hhe-dij 1
eai-dij 1
ici-dij 2
391
2
jjj-djb 1
eee-djb 1
392
3
jaj-djc 1
ddi-djc 1
dba-djc 1
393
3
bejh-djd 1
cie-djd 1
ifd-djd 4
394
2
bbj-dje 1
beaj-dje 6
395
1
eha-djf 2
396
3
bceg-djg 1
efi-djg 1
hca-djg 5
397
6
beca-djh 2
cjc-djh 1
ebi-djh 1
gdg-djh 2
djb-djh 2
bdef-djh 1
398
1
hhj-dji 4
399
3
jib-djj 2
bbc-djj 1
dec-djj 3
400
2
hjj-eaa 3
bee-eaa 4
401
3
bdha-eab 1
chi-eab 2
bbga-eab 1
402
3
cej-eac 1
bagg-eac 2
jhi-eac 2
403
2
caf-ead 1
dce-ead 3
404
4
bic-eae 2
icb-eae 1
gdc-eae 1
fed-eae 3
406
1
gff-eag 5
407
2
bbcf-eah 1
eca-eah 4
408
2
be-eai 1
bbec-eai 3
409
1
beec-eaj 4
410
3
bebc-eba 1
cee-eba 3
bif-eba 2
411
3
ffd-ebb 1
iij-ebb 1
beb-ebb 5
412
1
baej-ebc 3
413
5
badb-ebd 1
dgi-ebd 2
bcce-ebd 1
bdae-ebd 1
had-ebd 3
414
3
ebb-ebe 1
df-ebe 1
bfhc-ebe 4
415
1
fhf-ebf 4
416
1
fga-ebg 3
417
2
icg-ebh 2
bahf-ebh 2
418
1
hfe-ebi 3
419
4
jgc-ebj 1
ehi-ebj 1
ghd-ebj 2
djj-ebj 1
420
3
eh-eca 1
jga-eca 1
jff-eca 3
421
2
daj-ecb 1
bchc-ecb 1
422
4
bdch-ecc 1
bdie-ecc 1
cd-ecc 2
edi-ecc 6
423
2
dha-ecd 2
jfj-ecd 1
424
2
ici-ece 3
eaa-ece 1
425
3
cib-ecf 1
beh-ecf 4
dgb-ecf 1
426
2
bcca-ecg 1
fbc-ecg 2
427
1
hcd-ech 5
428
2
hcg-eci 2
jac-eci 2
429
1
ihi-ecj 3
430
4
bdcg-eda 2
dhf-eda 1
hbd-eda 1
bbdb-eda 3
431
1
gdd-edb 7
432
2
bhb-edc 2
baa-edc 3
433
3
bdh-edd 1
gag-edd 1
cbe-edd 4
434
3
jh-ede 1
ffi-ede 1
jbb-ede 2
435
4
bdag-edf 1
fah-edf 1
bdfe-edf 2
hba-edf 2
436
4
cde-edg 2
jgh-edg 1
ggd-edg 1
ie-edg 2
437
3
bbgb-edh 3
hcd-edh 1
beb-edh 1
438
2
egf-edi 1
gie-edi 8
439
2
egj-edj 2
egf-edj 1
440
2
bgj-eea 2
gcc-eea 2
441
2
hgh-eeb 3
hei-eeb 1
442
3
dge-eec 1
bha-eec 1
hci-eec 2
443
4
fcg-eed 1
gcd-eed 1
iaa-eed 1
jhc-eed 1
444
1
idg-eee 3
445
2
bdg-eef 3
dej-eef 2
446
2
bfc-eeg 2
dcc-eeg 4
448
4
fii-eei 2
beed-eei 1
bih-eei 1
haj-eei 1
449
2
bcag-eej 2
bcih-eej 2
450
2
hch-efa 3
jia-efa 4
451
1
ehc-efb 3
452
2
ehd-efc 2
hd-efc 2
453
1
fei-efd 4
454
2
bcdb-efe 1
ija-efe 1
455
5
fff-eff 1
bbed-eff 1
jge-eff 1
bjf-eff 1
hgf-eff 1
456
4
iib-efg 1
bbj-efg 2
fii-efg 1
bcad-efg 1
457
3
igc-efh 3
iic-efh 3
ded-efh 1
458
1
eec-efi 3
459
5
fhc-efj 1
bbfa-efj 1
efe-efj 1
gde-efj 2
bbca-efj 1
460
4
jca-ega 5
bja-ega 1
bac-ega 1
feh-ega 1
461
3
bcdf-egb 1
fdb-egb 1
hic-egb 4
463
2
bdhg-egd 1
cfa-egd 3
464
2
ecb-ege 2
ifi-ege 4
465
4
fge-egf 1
eae-egf 1
cha-egf 1
ifd-egf 1
466
3
eaj-egg 2
idd-egg 1
die-egg 2
467
1
iid-egh 3
468
1
hef-egi 4
469
3
baih-egj 2
jj-egj 1
jdg-egj 3
470
1
cgh-eha 6
471
1
hib-ehb 4
472
1
iad-ehc 2
473
3
hcb-ehd 1
hjj-ehd 2
bffb-ehd 1
474
4
di-ehe 1
ibh-ehe 1
hje-ehe 1
bebj-ehe 1
475
1
jgj-ehf 5
476
3
bdgh-ehg 1
hda-ehg 1
edf-ehg 3
477
1
ecf-ehh 5
478
2
jfd-ehi 1
bbeg-ehi 2
479
1
bcgj-ehj 4
481
2
iih-eib 1
bbbe-eib 3
482
2
bfef-eic 1
bdfb-eic 4
483
1
bfhj-eid 6
484
2
ffj-eie 3
gbb-eie 2
486
1
bfeh-eig 4
488
1
bfdi-eii 4
489
4
jae-eij 1
ief-eij 1
dcc-eij 2
dfg-eij 1
490
2
iaj-eja 2
babi-eja 1
491
2
cdi-ejb 2
ibd-ejb 1
492
4
bcbe-ejc 1
ggd-ejc 1
gji-ejc 1
hgb-ejc 3
493
1
ige-ejd 2
494
2
bfj-eje 2
cif-eje 4
495
1
bfja-ejf 3
496
4
chd-ejg 1
feg-ejg 1
ghb-ejg 1
eb-ejg 1
498
1
d-eji 5
499
1
chf-ejj 2
500
4
deg-faa 2
bbba-faa 1
dfb-faa 1
ice-faa 1
502
3
bbii-fac 2
hbc-fac 1
cbi-fac 2
503
5
bdjg-fad 1
fgd-fad 1
baei-fad 1
cfh-fad 1
iej-fad 2
504
2
baba-fae 1
bdia-fae 3
505
2
bcja-faf 1
hid-faf 2
506
2
bahb-fag 1
dbf-fag 4
508
1
fdh-fai 5
509
3
iii-faj 1
bhe-faj 3
ggb-faj 2
510
2
bbdb-fba 2
cdi-fba 2
511
1
jgi-fbb 5
512
1
eeg-fbc 4
513
4
hej-fbd 2
ejj-fbd 1
eai-fbd 1
bih-fbd 1
514
1
bceh-fbe 3
516
1
dff-fbg 2
517
5
bc-fbh 2
fdh-fbh 1
hca-fbh 1
bcjg-fbh 1
fgb-fbh 1
518
2
ebf-fbi 2
bjb-fbi 3
519
4
hdc-fbj 1
beig-fbj 1
fch-fbj 3
hb-fbj 1
520
3
jib-fca 2
bccg-fca 2
gaj-fca 1
521
1
bcdf-fcb 5
522
4
bfca-fcc 1
gbd-fcc 1
fjh-fcc 1
gic-fcc 1
523
3
cba-fcd 1
cae-fcd 1
ghf-fcd 2
524
2
gia-fce 1
baec-fce 2
525
2
ehe-fcf 4
baib-fcf 3
526
3
bcah-fcg 1
gcc-fcg 2
bbe-fcg 1
527
5
bcee-fch 2
eae-fch 1
beaj-fch 2
ecb-fch 1
bfgh-fch 2
528
6
dfd-fci 1
fhg-fci 1
dfh-fci 2
iei-fci 2
bbea-fci 1
iba-fci 1
529
1
egd-fcj 6
530
2
bhi-fda 4
bbbd-fda 2
531
2
def-fdb 4
eha-fdb 1
532
3
cif-fdc 3
bahi-fdc 1
eg-fdc 2
533
6
bfha-fdd 1
eaf-fdd 1
hid-fdd 2
bfie-fdd 2
edd-fdd 1
baei-fdd 2
535
4
fdg-fdf 1
ibe-fdf 3
fbj-fdf 1
gdc-fdf 1
536
3
bhi-fdg 1
bach-fdg 3
bdhg-fdg 1
537
5
bcjh-fdh 1
cdc-fdh 1
deb-fdh 1
gf-fdh 2
ffa-fdh 2
538
1
jii-fdi 2
539
1
bdfh-fdj 2
540
4
bbia-fea 1
bdcd-fea 1
ee-fea 1
bceb-fea 2
541
5
ieb-feb 1
ibd-feb 1
hgh-feb 1
ih-feb 1
dfh-feb 2
542
2
bfij-fec 2
bfcg-fec 1
543
3
fdh-fed 2
hdi-fed 1
bbhb-fed 2
544
3
bbaa-fee 1
ecb-fee 2
ihf-fee 2
545
4
je-fef 1
dfe-fef 2
bbfh-fef 1
bfdg-fef 1
546
3
ijc-feg 1
hgh-feg 1
bd-feg 4
547
2
djg-feh 3
hei-feh 2
548
3
eeg-fei 1
ffc-fei 4
begd-fei 1
549
3
hhe-fej 1
gcg-fej 1
dfe-fej 2
550
3
bfef-ffa 1
gch-ffa 1
idb-ffa 3
551
3
cfd-ffb 1
ica-ffb 4
dab-ffb 2
552
2
bdj-ffc 1
hbb-ffc 3
553
2
jaf-ffd 2
dij-ffd 1
554
2
hdc-ffe 1
baba-ffe 1
555
4
jbf-fff 2
edi-fff 3
baae-fff 1
hfd-fff 1
556
1
ffi-ffg 1
557
2
fja-ffh 1
e-ffh 1
558
3
cif-ffi 2
cdj-ffi 2
bcdd-ffi 1
559
1
gfi-ffj 4
560
7
bhe-fga 1
bbhg-fga 1
igi-fga 1
eae-fga 1
cie-fga 1
bdib-fga 1
gei-fga 2
561
3
eei-fgb 1
gff-fgb 1
dba-fgb 1
562
2
cjb-fgc 2
bagf-fgc 3
563
3
ffa-fgd 2
bfff-fgd 1
bfic-fgd 3
564
1
gjf-fge 2
566
2
ice-fgg 1
bih-fgg 1
567
1
dbh-fgh 3
568
1
dfg-fgi 4
569
2
ghj-fgj 1
bdc-fgj 3
570
2
bfig-fha 1
fhc-fha 2
571
2
beeb-fhb 3
bfcb-fhb 3
572
4
bgea-fhc 2
bfed-fhc 1
bbi-fhc 1
hch-fhc 2
573
2
cih-fhd 1
hic-fhd 3
574
2
hci-fhe 2
ebh-fhe 3
576
3
bbfh-fhg 1
fjc-fhg 1
da-fhg 2
578
3
bja-fhi 1
jcb-fhi 1
bcgj-fhi 2
579
2
fag-fhj 4
ii-fhj 1
580
2
hga-fia 1
gcc-fia 3
581
2
fgb-fib 2
gjb-fib 1
582
3
bgaj-fic 1
cif-fic 3
cea-fic 2
583
4
bbaa-fid 1
cih-fid 1
gif-fid 3
hh-fid 1
584
2
bccf-fie 1
efe-fie 2
585
3
bfcg-fif 2
ibj-fif 1
gge-fif 1
586
4
eib-fig 1
bfj-fig 2
dec-fig 1
bjc-fig 2
588
4
haf-fii 1
bcfh-fii 1
bagb-fii 1
gde-fii 1
590
1
edj-fja 3
591
5
bggb-fjb 1
gef-fjb 1
hae-fjb 2
caa-fjb 1
cij-fjb 4
592
3
hdf-fjc 3
dbg-fjc 1
cie-fjc 1
593
1
cif-fjd 2
594
1
bbac-fje 4
595
2
jhf-fjf 2
fhc-fjf 1
596
1
bcfe-fjg 2
597
3
ei-fjh 1
g-fjh 4
baij-fjh 1
598
6
bddi-fji 1
fij-fji 1
cdf-fji 1
jbi-fji 3
hh-fji 1
iga-fji 2
600
2
bacj-gaa 3
gbb-gaa 1
601
1
gdh-gab 3
603
4
bdfe-gad 1
hij-gad 1
jjh-gad 3
bf-gad 1
604
4
bd-gae 1
hca-gae 2
bfi-gae 1
jci-gae 3
606
2
bcba-gag 1
jij-gag 4
607
2
iaf-gah 2
fac-gah 3
609
2
di-gaj 2
bcde-gaj 2
610
4
fdi-gba 1
bbge-gba 1
bbib-gba 1
hgc-gba 2
611
4
bfjj-gbb 3
dhf-gbb 1
cgb-gbb 1
eja-gbb 1
612
1
hb-gbc 6
613
1
fcb-gbd 4
614
1
bgfd-gbe 1
615
2
bbeh-gbf 2
bdcf-gbf 2
616
1
dhh-gbg 4
617
1
ff-gbh 3
618
3
bacg-gbi 5
bbeh-gbi 1
ifc-gbi 1
619
3
jej-gbj 2
bbfi-gbj 1
gch-gbj 1
620
2
bbfc-gca 3
haj-gca 4
621
2
cab-gcb 5
bfbd-gcb 1
622
4
baee-gcc 1
cdh-gcc 1
bafc-gcc 5
bbii-gcc 1
624
1
fai-gce 3
626
2
ijg-gcg 2
chg-gcg 2
627
2
bdc-gch 2
fjh-gch 3
628
3
bga-gci 2
igb-gci 1
cea-gci 3
629
1
ebb-gcj 2
630
1
ihh-gda 2
631
2
bbg-gdb 3
eah-gdb 1
632
3
cah-gdc 1
ifc-gdc 2
babf-gdc 2
633
2
hfi-gdd 2
bcag-gdd 2
634
2
baeb-gde 3
cdd-gde 2
635
3
bchf-gdf 2
gfe-gdf 1
bhc-gdf 1
636
4
bajh-gdg 1
db-gdg 2
hag-gdg 1
bddj-gdg 1
637
3
jci-gdh 1
if-gdh 2
bdfd-gdh 1
639
1
gjg-gdj 3
640
3
edi-gea 2
dea-gea 2
eaa-gea 1
641
1
hhd-geb 5
642
1
ihd-gec 2
643
1
bdbj-ged 1
645
3
bdgj-gef 1
dfi-gef 2
gfh-gef 1
646
4
bfcj-geg 1
baaa-geg 1
gaj-geg 1
cie-geg 1
647
1
jg-geh 4
648
4
daf-gei 1
iba-gei 1
ffa-gei 1
eeb-gei 1
649
2
fec-gej 1
hgi-gej 4
650
1
bgeg-gfa 2
651
2
jhj-gfb 2
bcbi-gfb 2
653
2
gch-gfd 2
bdbg-gfd 1
654
2
baci-gfe 1
hfa-gfe 2
655
5
hh-gff 1
idi-gff 1
ehe-gff 2
bga-gff 1
egf-gff 2
656
1
bahh-gfg 4
657
2
iga-gfh 1
ffb-gfh 3
658
2
becd-gfi 2
ech-gfi 3
660
1
bhe-gga 3
661
2
bee-ggb 1
eae-ggb 3
662
2
bgae-ggc 1
id-ggc 1
663
2
jhh-ggd 1
djj-ggd 3
664
4
beg-gge 1
bfid-gge 1
efd-gge 3
bdc-gge 4
665
2
hab-ggf 4
jfj-ggf 1
666
3
die-ggg 1
caf-ggg 2
dij-ggg 1
668
2
bfc-ggi 1
cgh-ggi 2
670
4
bfgj-gha 1
gdh-gha 1
gii-gha 1
ifc-gha 1
671
4
bgef-ghb 2
bbfg-ghb 1
idb-ghb 1
bgae-ghb 2
672
5
cib-ghc 1
beid-ghc 1
fhi-ghc 1
fea-ghc 4
bch-ghc 1
673
3
did-ghd 1
bae-ghd 1
egj-ghd 1
674
1
cji-ghe 3
675
1
ggb-ghf 1
677
1
cbc-ghh 3
678
2
daf-ghi 1
hai-ghi 3
679
4
bcbc-ghj 1
fcd-ghj 1
eig-ghj 1
hec-ghj 2
680
1
hbf-gia 4
681
2
bbhf-gib 1
cic-gib 2
682
1
dhi-gic 5
683
1
cjj-gid 2
684
2
ici-gie 1
iih-gie 2
685
4
hge-gif 1
jea-gif 1
bcig-gif 1
bcdi-gif 2
687
2
badc-gih 1
die-gih 4
688
2
ib-gii 2
baab-gii 1
689
4
ehf-gij 2
bei-gij 1
ibd-gij 1
ehh-gij 1
690
1
ecd-gja 2
692
4
hji-gjc 1
behb-gjc 1
gbe-gjc 1
hg-gjc 2
693
1
gad-gjd 1
694
3
bhc-gje 2
b-gje 1
bbdf-gje 1
695
2
ieg-gjf 2
dig-gjf 1
696
5
egg-gjg 1
bfb-gjg 2
behg-gjg 1
bdda-gjg 1
bbic-gjg 1
697
1
cbg-gjh 3
699
2
hhe-gjj 1
iii-gjj 3
700
2
bjj-haa 1
bcea-haa 3
701
1
bcfg-hab 3
703
1
iec-had 1
704
5
hea-hae 1
chi-hae 1
ije-hae 1
idb-hae 1
bbic-hae 2
705
3
jji-haf 2
jda-haf 1
gic-haf 2
706
5
bcgb-hag 1
ecj-hag 2
hje-hag 1
dfg-hag 1
beje-hag 1
707
2
efj-hah 1
fda-hah 3
708
2
bce-hai 2
hfh-hai 1
709
1
bdjj-haj 1
710
2
bdbi-hba 1
bega-hba 2
711
1
fac-hbb 4
712
1
ffc-hbc 3
713
3
eij-hbd 4
bdff-hbd 1
bei-hbd 1
714
2
fc-hbe 1
fji-hbe 2
715
2
jf-hbf 1
fcf-hbf 2
716
5
jh-hbg 1
egh-hbg 1
ife-hbg 1
bdjf-hbg 1
gde-hbg 1
717
2
babe-hbh 1
ci-hbh 3
718
1
jfh-hbi 2
719
2
bedf-hbj 1
jge-hbj 1
720
5
ibe-hca 1
ead-hca 1
cib-hca 2
hcf-hca 1
jid-hca 2
721
4
bahd-hcb 1
bdfa-hcb 2
ffe-hcb 1
cha-hcb 1
722
2
cie-hcc 1
iee-hcc 1
723
3
jee-hcd 1
bgi-hcd 3
bdhb-hcd 1
724
4
bchf-hce 4
ejf-hce 1
beaf-hce 1
eab-hce 1
725
5
gad-hcf 1
cih-hcf 1
b-hcf 1
bbae-hcf 1
hhc-hcf 1
726
3
ibf-hcg 1
ja-hcg 2
baed-hcg 1
727
2
ghe-hch 1
fci-hch 3
728
3
bdff-hci 1
geh-hci 1
ggi-hci 3
729
3
jd-hcj 2
eec-hcj 2
bbgd-hcj 2
730
3
dec-hda 1
idc-hda 3
ffb-hda 1
731
2
bejg-hdb 2
bfhg-hdb 2
732
4
bdac-hdc 1
jbf-hdc 2
befb-hdc 1
cbi-hdc 2
733
1
bdg-hdd 4
734
2
bbjf-hde 2
jfh-hde 1
735
3
gbh-hdf 1
bbha-hdf 2
dci-hdf 2
736
2
dac-hdg 2
fjc-hdg 1
737
1
fec-hdh 3
738
2
iae-hdi 2
beah-hdi 1
739
2
haa-hdj 2
eci-hdj 2
740
4
befg-hea 2
fdf-hea 4
djb-hea 1
bdfd-hea 1
741
1
icg-heb 2
742
4
bdda-hec 1
fai-hec 1
bdhc-hec 1
bfjg-hec 1
744
1
bfhd-hee 3
745
2
bfch-hef 1
bjd-hef 4
746
1
bcdd-heg 3
747
2
dcb-heh 1
hii-heh 3
748
2
ie-hei 1
if-hei 2
749
3
bgbd-hej 1
gcc-hej 1
ccd-hej 2
750
2
bdi-hfa 2
jhg-hfa 3
751
2
icd-hfb 1
bff-hfb 4
752
1
bcdc-hfc 3
753
1
bcec-hfd 4
754
3
gac-hfe 1
ejg-hfe 2
bahd-hfe 1
756
2
bbac-hfg 2
gfd-hfg 1
757
2
bbaj-hfh 1
ede-hfh 4
758
2
eci-hfi 1
beih-hfi 2
759
2
bfhi-hfj 1
gaa-hfj 2
760
1
bbg-hga 2
761
2
bdf-hgb 3
bccd-hgb 3
762
4
dej-hgc 1
fia-hgc 1
hje-hgc 1
fea-hgc 1
763
2
bbfa-hgd 1
bedb-hgd 1
764
2
efg-hge 2
beff-hge 1
765
3
icd-hgf 1
fea-hgf 1
bafe-hgf 2
766
1
baib-hgg 3
767
2
dej-hgh 1
deg-hgh 1
768
2
baja-hgi 3
cdb-hgi 1
770
2
ihj-hha 3
ii-hha 3
771
1
bbaa-hhb 5
772
2
eia-hhc 2
beff-hhc 1
773
2
bdec-hhd 3
gaa-hhd 1
774
5
gja-hhe 1
eff-hhe 1
dji-hhe 1
bdfa-hhe 1
fcd-hhe 1
775
2
bafj-hhf 1
bcf-hhf 3
776
2
hbb-hhg 1
dgd-hhg 3
778
1
bdci-hhi 2
779
3
bfag-hhj 1
jec-hhj 4
hie-hhj 2
780
1
jdd-hia 3
781
2
bbi-hib 1
bbfb-hib 2
782
4
bgcf-hic 1
chh-hic 1
dcc-hic 1
dhd-hic 1
783
1
bgdg-hid 1
784
1
bjg-hie 2
785
2
fje-hif 2
ggc-hif 1
786
1
fig-hig 3
787
1
ddh-hih 5
788
2
cgi-hii 3
fej-hii 1
789
4
jff-hij 3
bji-hij 1
dif-hij 1
hag-hij 1
790
1
fae-hja 2
791
1
cfh-hjb 3
792
4
hcc-hjc 2
bfhe-hjc 1
gaj-hjc 3
bbfi-hjc 1
793
2
bbd-hjd 1
fef-hjd 1
794
2
bdja-hje 1
fgj-hje 1
795
3
beji-hjf 1
edj-hjf 1
gid-hjf 1
796
5
jdh-hjg 1
jgg-hjg 1
cfa-hjg 1
gdj-hjg 1
eda-hjg 3
798
1
hfj-hji 3
799
4
beea-hjj 1
fe-hjj 3
fgd-hjj 1
gah-hjj 2
800
4
ead-iaa 3
dhc-iaa 1
jcg-iaa 1
deb-iaa 1
801
2
bdbh-iab 1
ech-iab 2
802
2
hbi-iac 1
hia-iac 2
803
2
jcd-iad 4
cgd-iad 1
804
4
cdf-iae 1
bcd-iae 2
fjd-iae 1
cjg-iae 1
805
2
gjf-iaf 1
ejf-iaf 3
806
3
bage-iag 1
ihd-iag 1
ejg-iag 2
807
2
dad-iah 1
fei-iah 1
808
2
dje-iai 2
jh-iai 2
809
1
bddg-iaj 3
810
5
ejb-iba 1
bbbj-iba 1
bafb-iba 1
bbba-iba 1
bcb-iba 1
811
2
iha-ibb 1
bead-ibb 1
812
1
bbgf-ibc 2
813
2
bgcj-ibd 1
bdhd-ibd 1
814
2
fba-ibe 1
bbcc-ibe 2
815
3
bffh-ibf 1
dih-ibf 1
dje-ibf 1
816
2
efj-ibg 1
fhg-ibg 3
817
2
eja-ibh 2
babb-ibh 1
818
2
gi-ibi 4
fdi-ibi 1
819
4
bbcd-ibj 1
dfd-ibj 1
bbdb-ibj 1
hae-ibj 1
820
4
becf-ica 1
dgi-ica 1
edc-ica 1
bcfh-ica 2
821
1
hfi-icb 3
823
4
hj-icd 1
jaa-icd 2
hcd-icd 1
jaj-icd 1
824
3
ehd-ice 1
jfh-ice 1
hgi-ice 1
825
2
dbb-icf 1
fce-icf 3
826
3
bjj-icg 1
gcg-icg 1
bcdi-icg 1
828
3
jc-ici 1
cj-ici 1
dfa-ici 1
829
1
jie-icj 2
830
1
bcfd-ida 5
831
4
ghi-idb 1
bach-idb 3
cdh-idb 1
fce-idb 2
832
2
iij-idc 1
gjg-idc 2
833
2
bbah-idd 3
bfda-idd 1
835
3
dh-idf 2
efa-idf 2
dii-idf 1
836
3
dhd-idg 1
bfi-idg 1
bagf-idg 2
838
3
bgfa-idi 1
ech-idi 2
bbdd-idi 2
839
2
fdj-idj 2
bcc-idj 1
840
3
bebf-iea 1
chb-iea 1
bij-iea 2
841
3
bdaj-ieb 1
fhb-ieb 1
bbie-ieb 1
842
3
hfg-iec 2
bbca-iec 1
hfh-iec 2
843
3
jac-ied 1
hhb-ied 1
bbid-ied 2
844
1
efc-iee 3
845
4
ea-ief 1
bbah-ief 1
hag-ief 1
bfc-ief 1
846
3
ffh-ieg 1
idd-ieg 2
hcd-ieg 2
847
3
bge-ieh 1
caj-ieh 1
bchj-ieh 2
848
3
behf-iei 2
hgi-iei 3
efg-iei 1
849
1
bbh-iej 2
850
3
ccc-ifa 1
bbbi-ifa 1
hcf-ifa 3
851
2
bagh-ifb 2
dfh-ifb 1
852
4
bchg-ifc 1
cee-ifc 1
ejj-ifc 1
jid-ifc 3
853
2
bbhd-ifd 3
cf-ifd 1
854
2
hjf-ife 2
dad-ife 1
855
4
cgi-iff 1
jgf-iff 2
fb-iff 1
efe-iff 1
856
2
bgeb-ifg 1
be-ifg 2
857
2
baga-ifh 1
cid-ifh 3
858
1
bcci-ifi 2
860
1
ebb-iga 2
861
1
cif-igb 2
862
2
gh-igc 2
bcgi-igc 1
863
2
ife-igd 1
ggg-igd 2
864
2
dbj-ige 1
hjc-ige 2
866
1
babd-igg 1
867
1
hag-igh 1
868
2
bcbj-igi 1
bbg-igi 2
869
2
jba-igj 1
dde-igj 3
870
3
hgf-iha 1
bcdj-iha 1
jfa-iha 2
872
1
ehj-ihc 3
873
3
bbdd-ihd 1
fj-ihd 1
behh-ihd 2
874
2
hdi-ihe 2
hdg-ihe 1
875
3
bbad-ihf 1
cfb-ihf 3
ijj-ihf 1
876
2
gij-ihg 1
bcj-ihg 3
877
1
cib-ihh 3
878
2
gjh-ihi 1
bdgf-ihi 4
879
2
caf-ihj 1
cef-ihj 1
880
3
fgb-iia 1
fid-iia 1
hfh-iia 1
881
4
cfb-iib 2
baeb-iib 1
id-iib 1
bafa-iib 1
882
3
jje-iic 1
iie-iic 1
fag-iic 2
883
1
ffa-iid 4
884
4
cbb-iie 1
jee-iie 1
bec-iie 2
bejf-iie 1
885
1
bbei-iif 2
886
1
hcg-iig 3
887
1
hbj-iih 1
888
1
bbib-iii 1
889
1
baaa-iij 1
890
2
dbj-ija 1
iaa-ija 2
893
2
hfi-ijd 2
beda-ijd 1
894
3
beef-ije 1
bbbj-ije 2
bef-ije 1
896
2
behi-ijg 1
ig-ijg 1
898
1
gd-iji 1
899
1
cff-ijj 2
900
1
bbjh-jaa 3
901
2
djh-jab 2
gbe-jab 1
902
3
ejj-jac 1
ibb-jac 2
ghg-jac 2
903
1
bcij-jad 3
904
1
bbih-jae 3
905
2
bdig-jaf 1
bgd-jaf 1
906
2
cbc-jag 2
cg-jag 1
907
4
bchh-jah 1
baia-jah 2
fie-jah 1
bcif-jah 2
908
4
gbj-jai 1
efa-jai 2
bffi-jai 1
bbbg-jai 1
909
1
ebd-jaj 2
910
2
cgd-jba 2
gej-jba 1
911
2
gjc-jbb 1
dhg-jbb 1
912
2
jca-jbc 1
gbg-jbc 1
913
3
bfad-jbd 1
dij-jbd 1
bgh-jbd 1
914
2
fbj-jbe 1
de-jbe 2
915
2
gfg-jbf 1
bedi-jbf 4
916
4
baie-jbg 1
bdid-jbg 1
ehd-jbg 1
bjd-jbg 2
917
3
babf-jbh 1
dbd-jbh 1
bji-jbh 1
918
1
bdcc-jbi 2
920
3
jfg-jca 1
idf-jca 2
jde-jca 1
921
2
faj-jcb 1
gae-jcb 3
922
3
fjg-jcc 1
gfb-jcc 1
fej-jcc 1
923
3
ied-jcd 1
hgh-jcd 2
jcc-jcd 1
924
1
bafi-jce 1
926
2
cfj-jcg 2
ggg-jcg 1
928
5
bfbf-jci 1
beia-jci 1
hhe-jci 2
gih-jci 1
fb-jci 1
930
2
bgdf-jda 1
bdig-jda 2
931
4
jhc-jdb 1
hge-jdb 1
cgf-jdb 1
jji-jdb 2
932
3
jc-jdc 1
hbh-jdc 1
gdh-jdc 1
933
3
ffh-jdd 1
dic-jdd 1
dhc-jdd 1
934
2
ha-jde 1
bi-jde 5
936
4
bhb-jdg 4
gea-jdg 1
dhj-jdg 1
bh-jdg 1
939
3
eic-jdj 1
jfj-jdj 2
ja-jdj 1
940
1
ije-jea 2
941
1
jad-jeb 1
942
4
badg-jec 2
bdfg-jec 1
ehc-jec 1
dae-jec 1
944
1
hjb-jee 4
945
3
badj-jef 1
bbje-jef 1
fad-jef 3
946
1
bbj-jeg 2
947
2
bgdb-jeh 1
ddj-jeh 2
949
3
dch-jej 1
ehb-jej 1
fgj-jej 1
950
4
chb-jfa 1
fdj-jfa 1
iec-jfa 1
bhe-jfa 1
951
1
ebb-jfb 3
952
2
jgb-jfc 2
cgh-jfc 1
953
2
babc-jfd 1
fbd-jfd 1
954
3
c-jfe 1
egf-jfe 2
bfgb-jfe 1
955
2
bfeb-jff 1
egg-jff 2
956
3
ega-jfg 2
fic-jfg 1
bccb-jfg 1
957
4
bffj-jfh 1
fdf-jfh 1
gfb-jfh 2
eij-jfh 1
958
4
bbj-jfi 1
dii-jfi 1
befa-jfi 1
eib-jfi 1
959
3
eac-jfj 3
bdhe-jfj 1
bcaj-jfj 1
960
4
bfab-jga 1
fdf-jga 1
bfcd-jga 1
bagg-jga 2
961
1
ecd-jgb 1
962
5
babj-jgc 1
ied-jgc 1
ibd-jgc 1
cfa-jgc 1
bba-jgc 1
964
3
bedj-jge 3
bcgj-jge 1
gbf-jge 1
965
2
i-jgf 1
hhj-jgf 4
966
2
heh-jgg 1
bajc-jgg 2
967
1
dfc-jgh 2
968
1
iae-jgi 2
970
3
bea-jha 1
ghd-jha 1
jia-jha 2
972
1
eej-jhc 4
973
2
geb-jhd 1
gba-jhd 1
974
1
bbai-jhe 3
975
3
bajj-jhf 1
behe-jhf 2
fch-jhf 1
976
2
hde-jhg 1
fbi-jhg 1
977
1
bfia-jhh 3
978
1
bcj-jhi 3
979
1
eei-jhj 1
980
4
ecc-jia 2
bded-jia 3
bje-jia 1
ddg-jia 1
981
3
iac-jib 1
bjf-jib 1
bab-jib 2
982
1
igj-jic 2
983
3
bgfj-jid 2
cag-jid 1
jff-jid 1
984
1
baih-jie 3
985
3
bb-jif 2
dge-jif 1
hah-jif 1
986
3
gha-jig 1
bbe-jig 1
bafi-jig 1
987
1
bfa-jih 3
988
2
cei-jii 3
ddf-jii 1
989
1
ge-jij 2
991
2
cjc-jjb 3
hja-jjb 3
992
3
jbg-jjc 1
jhg-jjc 1
bcgb-jjc 1
994
3
bbcg-jje 1
badd-jje 1
baig-jje 3
995
1
ccf-jjf 2
997
1
geh-jjh 1
998
1
hef-jji 2
999
3
baea-jjj 1
bcci-jjj 1
edg-jjj 1
1000
1
fgi-baaa 1
1001
3
jeg-baab 3
ifd-baab 1
efi-baab 1
1002
1
jbh-baac 2
1003
3
bbbh-baad 1
ceb-baad 1
jcd-baad 2
1004
1
eje-baae 2
1005
1
baae-baaf 2
1006
5
cdc-baag 1
jci-baag 1
fc-baag 1
beja-baag 1
ffj-baag 1
1007
1
baef-baah 2
1008
4
igj-baai 1
baha-baai 1
bacb-baai 1
dgd-baai 1
1010
3
jdf-baba 1
dfi-baba 1
ehi-baba 3
1011
3
djh-babb 1
edh-babb 1
ggi-babb 1
1012
4
baif-babc 1
if-babc 1
ege-babc 2
beag-babc 1
1013
1
dfe-babd 3
1014
2
ebj-babe 1
ije-babe 3
1015
1
begj-babf 2
1016
2
bdhd-babg 1
beba-babg 2
1017
2
cbg-babh 1
baia-babh 1
1018
2
baij-babi 1
cdb-babi 2
1019
3
bbcg-babj 1
fdc-babj 1
bfib-babj 1
1020
1
igh-baca 1
1021
5
bgbj-bacb 1
jhb-bacb 1
heb-bacb 1
jg-bacb 1
jce-bacb 2
1022
3
gdb-bacc 1
hbc-bacc 1
feg-bacc 1
1024
1
bbcd-bace 2
1026
2
cja-bacg 1
bgdb-bacg 1
1027
1
bih-bach 3
1028
1
ejc-baci 2
1029
3
ibj-bacj 2
iha-bacj 1
bada-bacj 1
1030
4
hej-bada 1
bbcf-bada 1
ecj-bada 1
gdb-bada 1
1031
2
bddf-badb 2
bdf-badb 1
1032
2
ifg-badc 1
hfg-badc 2
1033
2
gh-badd 1
bcac-badd 2
1034
1
ega-bade 1
1037
1
bbgj-badh 2
1038
1
bbdi-badi 2
1039
2
bjf-badj 3
bbhf-badj 1
1040
1
hdd-baea 4
1041
4
fd-baeb 1
bdcj-baeb 1
iag-baeb 1
bbaf-baeb 1
1042
4
jha-baec 2
hbg-baec 1
jaa-baec 1
ccb-baec 1
1043
1
djc-baed 1
1044
1
baeg-baee 1
1045
1
fi-baef 4
1046
3
bcef-baeg 1
jdc-baeg 2
hhd-baeg 1
1048
2
bagg-baei 1
bcig-baei 3
1049
2
bdfj-baej 2
bbhh-baej 2
1050
4
babe-bafa 1
cff-bafa 1
jdj-bafa 1
dgj-bafa 2
1051
3
bbbd-bafb 2
baah-bafb 1
gdg-bafb 1
1052
3
bbef-bafc 2
gfg-bafc 1
hii-bafc 1
1053
1
cfa-bafd 2
1054
2
fdd-bafe 1
bgf-bafe 2
1055
1
bfif-baff 2
1056
1
fdd-bafg 1
1058
2
bag-bafi 3
bhj-bafi 1
1059
1
hef-bafj 3
1060
2
bbag-baga 1
ded-baga 1
1061
1
fhb-bagb 2
1062
1
gie-bagc 1
1064
2
jhf-bage 3
jfb-bage 1
1065
1
bede-bagf 2
1066
3
hgb-bagg 1
fcb-bagg 2
baie-bagg 2
1067
5
cde-bagh 1
gje-bagh 1
ijg-bagh 1
eab-bagh 1
cgf-bagh 2
1068
1
bcac-bagi 3
1069
1
jhd-bagj 3
1070
2
bcgf-baha 1
bgcc-baha 1
1071
2
cgc-bahb 1
bgah-bahb 1
1073
3
behd-bahd 4
beij-bahd 1
dbb-bahd 1
1074
1
bcdi-bahe 1
1075
1
ffi-bahf 2
1076
2
bgc-bahg 1
gjc-bahg 1
1077
4
bedg-bahh 1
hea-bahh 1
bahg-bahh 1
jab-bahh 1
1078
3
ghc-bahi 1
ceh-bahi 2
ia-bahi 1
1080
1
bgg-baia 3
1081
1
iac-baib 2
1082
1
iaa-baic 3
1083
1
bejd-baid 2
1084
4
chg-baie 1
efc-baie 1
iaf-baie 1
bade-baie 2
1085
1
jcb-baif 1
1086
3
hif-baig 1
jgh-baig 1
ihc-baig 2
1087
3
gcf-baih 2
bbgd-baih 1
becj-baih 3
1088
2
bbab-baii 1
ffj-baii 1
1089
3
bha-baij 1
ife-baij 1
bfh-baij 1
1090
3
bif-baja 2
bcfj-baja 1
cdh-baja 1
1091
3
bdfg-bajb 1
ji-bajb 1
bafj-bajb 1
1092
1
dhb-bajc 3
1093
3
edc-bajd 1
hha-bajd 2
bfjc-bajd 1
1094
3
gfi-baje 1
iej-baje 1
bdab-baje 2
1095
4
bbgi-bajf 1
bcje-bajf 1
jcd-bajf 2
jeb-bajf 1
1097
2
bia-bajh 1
hba-bajh 1
1098
1
baje-baji 2
1099
2
bajf-bajj 2
eci-bajj 1
1100
1
bcfa-bbaa 3
1101
1
bbfc-bbab 2
1102
3
bejd-bbac 1
dce-bbac 2
iif-bbac 1
1103
2
jbh-bbad 1
bbag-bbad 1
1104
4
gc-bbae 1
bcfc-bbae 1
bgba-bbae 2
gid-bbae 2
1105
1
eff-bbaf 2
1106
1
gff-bbag 1
1107
4
bfjh-bbah 1
beci-bbah 1
cja-bbah 1
fhe-bbah 1
1108
1
bhj-bbai 3
1110
3
cgd-bbba 2
jid-bbba 1
hdb-bbba 2
1113
3
bgab-bbbd 1
bbh-bbbd 1
baec-bbbd 2
1114
3
dhj-bbbe 1
bccj-bbbe 1
bcc-bbbe 1
1116
2
icb-bbbg 2
ief-bbbg 1
1117
2
bagc-bbbh 1
ehg-bbbh 1
1118
1
bac-bbbi 2
1119
2
bgdj-bbbj 2
bahe-bbbj 1
1120
1
jcc-bbca 2
1121
4
djj-bbcb 1
jfd-bbcb 3
hih-bbcb 1
iee-bbcb 1
1122
2
bgf-bbcc 1
hbd-bbcc 1
1123
2
gje-bbcd 1
baii-bbcd 2
1124
2
iff-bbce 1
gde-bbce 1
1125
1
fhc-bbcf 2
1126
2
ccj-bbcg 1
fcg-bbcg 2
1127
1
icb-bbch 1
1128
1
babh-bbci 2
1130
1
jde-bbda 3
1131
4
bfdj-bbdb 1
ifa-bbdb 2
hjj-bbdb 1
idc-bbdb 1
1133
5
beb-bbdd 1
gid-bbdd 1
fgh-bbdd 1
eii-bbdd 1
bci-bbdd 1
1134
1
jif-bbde 1
1135
1
gbi-bbdf 3
1136
2
bgdc-bbdg 1
bhc-bbdg 2
1137
1
ghb-bbdh 3
1138
3
bcba-bbdi 1
baee-bbdi 1
hbh-bbdi 1
1140
2
cga-bbea 2
df-bbea 1
1141
5
bbae-bbeb 1
bbde-bbeb 1
bffc-bbeb 1
ihd-bbeb 1
ji-bbeb 1
1142
2
bcie-bbec 1
cai-bbec 1
1143
1
jc-bbed 1
1144
1
bdee-bbee 2
1145
4
fjf-bbef 1
ce-bbef 1
badd-bbef 1
fjb-bbef 1
1146
3
eca-bbeg 1
bgbc-bbeg 1
bcjg-bbeg 1
1147
1
eg-bbeh 2
1148
2
gej-bbei 1
eif-bbei 1
1149
3
fci-bbej 1
fja-bbej 1
bcbb-bbej 1
1150
1
bacc-bbfa 2
1151
3
bbgg-bbfb 3
baji-bbfb 1
bdah-bbfb 1
1152
2
bfej-bbfc 1
ibh-bbfc 1
1153
3
ebc-bbfd 1
eaa-bbfd 1
bdcj-bbfd 2
1154
1
bbgi-bbfe 2
1155
6
jig-bbff 1
hg-bbff 1
fcc-bbff 1
dbh-bbff 1
bdjd-bbff 1
ihi-bbff 1
1156
3
bfee-bbfg 1
fea-bbfg 1
eee-bbfg 2
1157
2
bbjg-bbfh 1
gec-bbfh 2
1158
2
bfhb-bbfi 2
bbej-bbfi 1
1159
3
babh-bbfj 2
cbc-bbfj 1
ifc-bbfj 1
1160
2
jbc-bbga 1
eji-bbga 1
1161
3
hgd-bbgb 1
jff-bbgb 2
hi-bbgb 1
1162
1
bafa-bbgc 1
1163
1
bgag-bbgd 1
1164
3
eb-bbge 2
ddd-bbge 1
bbff-bbge 1
1165
1
fcj-bbgf 1
1166
1
bdai-bbgg 4
1168
3
jgi-bbgi 1
jab-bbgi 2
bfi-bbgi 1
1169
2
bejh-bbgj 1
eah-bbgj 3
1170
1
begi-bbha 2
1171
2
djd-bbhb 1
iec-bbhb 1
1172
2
bca-bbhc 2
cbh-bbhc 1
1173
3
bced-bbhd 1
bdb-bbhd 1
j-bbhd 2
1174
4
fh-bbhe 1
gfe-bbhe 1
id-bbhe 1
bbgb-bbhe 1
1175
3
dia-bbhf 1
bfec-bbhf 1
baif-bbhf 1
1177
2
bcjf-bbhh 1
beee-bbhh 1
1178
2
hgi-bbhi 1
bfge-bbhi 1
1179
1
c-bbhj 1
1180
3
ei-bbia 1
edb-bbia 1
ij-bbia 1
1181
1
bdi-bbib 1
1182
2
befc-bbic 1
iab-bbic 1
1183
1
bbdd-bbid 1
1184
3
bbhj-bbie 1
def-bbie 1
dee-bbie 1
1185
2
dcj-bbif 1
bij-bbif 1
1187
1
gc-bbih 2
1188
1
bfgf-bbii 2
1189
1
bbdf-bbij 3
1190
2
bacb-bbja 1
fec-bbja 1
1192
1
ii-bbjc 3
1193
1
jig-bbjd 1
1194
1
cbd-bbje 1
1195
3
fcj-bbjf 1
haj-bbjf 1
jbg-bbjf 2
1196
2
bagj-bbjg 2
bbfe-bbjg 1
1197
2
jih-bbjh 1
bcjb-bbjh 1
1198
2
bch-bbji 2
hhi-bbji 1
1200
1
bgb-bcaa 2
1201
2
dfi-bcab 3
gce-bcab 1
1202
2
fa-bcac 1
had-bcac 2
1203
2
bgcb-bcad 1
bdf-bcad 2
1204
2
bdaj-bcae 1
ibg-bcae 1
1205
2
bbha-bcaf 1
bcda-bcaf 2
1206
1
bgch-bcag 2
1207
1
eed-bcah 1
1208
1
bbcj-bcai 1
1209
1
bbji-bcaj 1
1210
1
ejb-bcba 2
1211
3
die-bcbb 1
bdbj-bcbb 1
hag-bcbb 1
1212
4
bafj-bcbc 1
dbe-bcbc 1
ef-bcbc 1
bcij-bcbc 2
1213
1
baca-bcbd 1
1214
2
gda-bcbe 1
bdd-bcbe 1
1215
1
igc-bcbf 2
1216
3
behc-bcbg 1
dbh-bcbg 1
iea-bcbg 1
1218
2
bfcf-bcbi 1
jdd-bcbi 2
1219
1
hjj-bcbj 3
1220
3
behj-bcca 1
jfe-bcca 2
bdhj-bcca 1
1221
2
cid-bccb 1
egb-bccb 2
1223
3
ced-bccd 1
behg-bccd 1
bfed-bccd 1
1224
2
iib-bcce 1
eci-bcce 1
1225
2
bajb-bccf 1
bfhd-bccf 1
1226
1
begg-bccg 2
1227
1
hjg-bcch 1
1228
2
hjd-bcci 1
bcae-bcci 1
1229
4
bg-bccj 1
cfg-bccj 1
hci-bccj 1
gbe-bccj 3
1230
3
beii-bcda 1
dh-bcda 1
ijd-bcda 1
1231
1
bbeb-bcdb 3
1232
3
bccd-bcdc 1
bcj-bcdc 2
bfga-bcdc 1
1233
3
bagh-bcdd 1
bbfh-bcdd 1
bdid-bcdd 1
1234
3
bcha-bcde 1
beje-bcde 1
baji-bcde 3
1235
1
bbef-bcdf 1
1236
2
chc-bcdg 1
hjc-bcdg 2
1237
1
faf-bcdh 2
1238
2
hee-bcdi 1
cfg-bcdi 2
1239
1
fdb-bcdj 1
1240
1
becb-bcea 1
1241
1
idj-bceb 2
1243
1
bcjd-bced 1
1244
4
ejh-bcee 3
iai-bcee 1
ffd-bcee 1
bdca-bcee 1
1245
1
fbj-bcef 2
1246
1
cca-bceg 1
1248
1
bci-bcei 1
1249
1
jfh-bcej 3
1250
2
djh-bcfa 1
jfh-bcfa 1
1252
1
cig-bcfc 2
1253
2
idg-bcfd 2
beie-bcfd 1
1254
1
jh-bcfe 1
1255
3
begg-bcff 1
iie-bcff 1
hfh-bcff 2
1257
1
egd-bcfh 1
1258
1
ihe-bcfi 1
1259
2
bchb-bcfj 3
cig-bcfj 1
1261
2
eai-bcgb 1
jae-bcgb 1
1262
1
beih-bcgc 2
1264
2
bgh-bcge 1
baih-bcge 2
1265
1
bbga-bcgf 1
1266
1
bfhf-bcgg 2
1267
1
bdjg-bcgh 2
1268
3
hce-bcgi 1
fca-bcgi 1
bge-bcgi 2
1269
3
beae-bcgj 1
bfci-bcgj 1
bdbg-bcgj 1
1271
2
bdfj-bchb 1
hhd-bchb 1
1272
1
cej-bchc 2
1273
2
bdaf-bchd 1
jbd-bchd 1
1275
1
bfag-bchf 2
1276
4
bebi-bchg 1
idc-bchg 1
hhj-bchg 1
hga-bchg 1
1277
4
bbij-bchh 1
bcjj-bchh 1
cjb-bchh 1
hhi-bchh 2
1278
2
ifh-bchi 1
bcdj-bchi 1
1279
1
jcd-bchj 1
1280
3
ibc-bcia 2
baid-bcia 2
bgec-bcia 1
1281
3
bfgd-bcib 1
bje-bcib 1
dde-bcib 2
1284
1
eic-bcie 3
1285
1
bdjb-bcif 2
1286
1
fae-bcig 1
1287
1
cae-bcih 1
1288
3
jeh-bcii 1
bafh-bcii 1
cga-bcii 1
1289
1
ebd-bcij 1
1290
3
hhd-bcja 1
ica-bcja 1
bbfi-bcja 1
1291
1
dba-bcjb 2
1292
2
bbdg-bcjc 1
bbaf-bcjc 1
1293
1
hdf-bcjd 1
1294
1
bbfh-bcje 1
1295
3
bedc-bcjf 2
bdjc-bcjf 1
dde-bcjf 1
1296
2
eii-bcjg 1
jce-bcjg 1
1299
2
bfgi-bcjj 1
fig-bcjj 1
1300
2
edh-bdaa 2
eba-bdaa 1
1301
1
iji-bdab 2
1302
2
gba-bdac 1
cgb-bdac 1
1303
1
ch-bdad 3
1304
2
bbif-bdae 1
bahi-bdae 1
1305
1
ga-bdaf 1
1307
1
beeg-bdah 2
1308
2
bajh-bdai 1
baij-bdai 1
1309
2
je-bdaj 1
hed-bdaj 1
1310
1
bbch-bdba 1
1311
1
jeh-bdbb 1
1316
3
bfii-bdbg 1
hdj-bdbg 1
ddc-bdbg 1
1317
1
jhg-bdbh 1
1318
2
bfbc-bdbi 1
dbc-bdbi 1
1319
4
jfa-bdbj 1
bbci-bdbj 1
gid-bdbj 1
dhe-bdbj 1
1320
1
fej-bdca 1
1321
2
ibj-bdcb 1
cii-bdcb 1
1322
2
iig-bdcc 1
bdhf-bdcc 1
1323
1
bdgd-bdcd 2
1324
1
jfc-bdce 1
1325
1
faa-bdcf 1
1326
1
bce-bdcg 1
1327
2
hgc-bdch 1
cac-bdch 1
1328
2
ci-bdci 1
efh-bdci 1
1329
2
feb-bdcj 1
jjc-bdcj 1
1330
2
efh-bdda 1
bebj-bdda 1
1333
2
daa-bddd 1
bcbf-bddd 1
1335
2
bbcc-bddf 1
bbbg-bddf 2
1336
1
badj-bddg 1
1337
1
bffa-bddh 1
1338
1
fjg-bddi 1
1339
3
bj-bddj 1
bcaf-bddj 1
bbbe-bddj 1
1340
1
dc-bdea 1
1341
2
jaf-bdeb 1
bdif-bdeb 1
1342
3
bfaf-bdec 1
cca-bdec 1
ida-bdec 2
1343
1
befd-bded 2
1344
3
gii-bdee 1
bcie-bdee 1
cgc-bdee 1
1345
2
hbe-bdef 1
bbeg-bdef 1
1346
2
hdh-bdeg 2
bgfb-bdeg 1
1347
1
cfc-bdeh 2
1348
1
bccd-bdei 1
1349
2
jag-bdej 1
bfaa-bdej 1
1350
2
hdb-bdfa 1
bje-bdfa 2
1351
1
ijg-bdfb 2
1352
1
hdc-bdfc 1
1353
2
efb-bdfd 1
bec-bdfd 1
1354
2
gdf-bdfe 1
bfeg-bdfe 1
1355
1
jga-bdff 1
1356
2
bdic-bdfg 1
bib-bdfg 1
1357
2
bege-bdfh 1
bacc-bdfh 1
1358
2
becc-bdfi 1
jcf-bdfi 1
1359
2
hae-bdfj 2
bbjf-bdfj 1
1360
4
bafa-bdga 1
begc-bdga 1
ihf-bdga 1
ehh-bdga 1
1361
2
hig-bdgb 1
bead-bdgb 2
1362
2
eba-bdgc 1
bcbd-bdgc 1
1363
1
gbc-bdgd 2
1364
1
baej-bdge 1
1365
2
fcc-bdgf 2
bfbe-bdgf 1
1366
1
fbh-bdgg 1
1367
2
ghj-bdgh 1
eea-bdgh 1
1368
2
bdjb-bdgi 1
bdj-bdgi 1
1369
1
bgdi-bdgj 2
1370
1
daj-bdha 3
1371
2
hbh-bdhb 1
haf-bdhb 1
1372
2
jei-bdhc 1
bahg-bdhc 1
1373
2
bae-bdhd 1
bcbg-bdhd 1
1374
4
ecc-bdhe 1
baia-bdhe 1
bagb-bdhe 1
jjj-bdhe 1
1375
2
bcdh-bdhf 1
bfae-bdhf 1
1376
1
efd-bdhg 1
1377
1
bdfd-bdhh 1
1378
3
ccf-bdhi 1
ihe-bdhi 1
hb-bdhi 1
1379
1
iah-bdhj 1
1380
2
bgff-bdia 1
jgg-bdia 1
1381
1
bcfi-bdib 1
1382
1
hhg-bdic 1
1383
1
beh-bdid 1
1385
2
f-bdif 1
fgc-bdif 1
1386
2
bdge-bdig 1
bajc-bdig 1
1388
2
cch-bdii 1
fbg-bdii 1
1390
2
bbhb-bdja 1
bdeb-bdja 1
1391
1
bchd-bdjb 1
1392
2
ifh-bdjc 1
bfbb-bdjc 1
1393
1
eca-bdjd 1
1394
2
bacj-bdje 1
cge-bdje 2
1395
1
jig-bdjf 1
1396
1
bdef-bdjg 1
1397
1
bfdf-bdjh 2
1398
1
egb-bdji 2
1399
1
bccf-bdjj 2
1400
2
eeb-beaa 1
bcfj-beaa 1
1403
2
bib-bead 1
bafg-bead 1
1404
1
bdch-beae 1
1406
1
cci-beag 1
1407
1
bgfc-beah 3
1408
1
ida-beai 1
1409
1
dea-beaj 2
1410
3
bbf-beba 1
bbcb-beba 1
bfg-beba 1
1411
1
bgf-bebb 1
1412
1
bbah-bebc 1
1414
1
bccd-bebe 1
1415
2
ghb-bebf 1
bbfj-bebf 1
1418
1
fad-bebi 1
1419
1
bbec-bebj 1
1420
2
ddg-beca 1
jjf-beca 1
1421
2
bfbj-becb 2
bcg-becb 1
1422
2
bcc-becc 1
haf-becc 1
1423
2
fba-becd 1
bbii-becd 1
1424
1
fii-bece 1
1425
2
fed-becf 1
hce-becf 1
1426
1
bagi-becg 1
1428
1
bbgj-beci 1
1429
1
hec-becj 2
1430
3
cbd-beda 1
bc-beda 1
bfhh-beda 1
1432
2
bfaj-bedc 1
baic-bedc 1
1433
1
ceg-bedd 1
1434
2
hf-bede 1
bbda-bede 1
1435
2
ebh-bedf 1
djf-bedf 1
1436
1
jbg-bedg 2
1437
2
baha-bedh 1
bgai-bedh 1
1438
1
iib-bedi 2
1439
1
igd-bedj 1
1441
2
bbee-beeb 1
hcf-beeb 1
1442
1
jba-beec 1
1443
2
becd-beed 1
bfih-beed 2
1444
2
hhc-beee 1
eff-beee 1
1445
2
icf-beef 1
hhf-beef 1
1446
2
bdeb-beeg 1
he-beeg 2
1447
1
bdgc-beeh 1
1450
2
ebe-befa 1
cbc-befa 1
1451
1
babd-befb 1
1453
3
chj-befd 1
iia-befd 1
dci-befd 1
1455
2
fid-beff 1
hc-beff 1
1456
1
bah-befg 1
1459
1
bdgc-befj 1
1460
1
gca-bega 1
1462
2
bgad-begc 1
ghf-begc 1
1463
1
bdgi-begd 1
1464
2
babb-bege 1
bdci-bege 1
1466
2
ifb-begg 1
bfai-begg 1
1467
1
eac-begh 1
1468
1
cff-begi 1
1469
1
bbfb-begj 2
1470
2
hcj-beha 2
cji-beha 1
1471
1
bfdh-behb 1
1472
1
ifa-behc 1
1473
1
eda-behd 1
1474
3
baja-behe 1
ihd-behe 1
bgaa-behe 1
1475
1
hdf-behf 1
1476
1
iei-behg 1
1477
1
bcgg-behh 1
1478
2
bjh-behi 1
bgde-behi 1
1479
1
dcd-behj 3
1480
1
ffd-beia 1
1481
1
bdaj-beib 1
1482
2
bbb-beic 2
dg-beic 1
1483
2
iai-beid 1
bdje-beid 1
1485
3
gab-beif 1
cii-beif 1
hfb-beif 1
1486
1
bedd-beig 2
1487
2
dcc-beih 1
ijd-beih 1
1488
1
cbe-beii 1
1489
1
bah-beij 2
1491
1
bace-bejb 1
1493
1
badc-bejd 1
1494
1
baag-beje 1
1495
1
jhi-bejf 1
1496
1
bcag-bejg 2
1497
1
bdaa-bejh 1
1498
2
ifa-beji 1
dcf-beji 1
1499
1
cdg-bejj 1
1500
2
ccd-bfaa 1
bhf-bfaa 1
1501
1
fbi-bfab 1
1503
1
jhc-bfad 1
1504
2
bfah-bfae 2
ecc-bfae 1
1505
1
bedh-bfaf 2
1506
2
bdad-bfag 1
jai-bfag 1
1507
1
jbf-bfah 1
1508
1
bcaj-bfai 1
1509
1
bcjd-bfaj 1
1510
1
bdgg-bfba 1
1511
1
hda-bfbb 1
1512
1
ijd-bfbc 1
1513
3
dcg-bfbd 1
fia-bfbd 1
bbjd-bfbd 1
1514
1
behh-bfbe 1
1515
2
bdga-bfbf 1
efe-bfbf 1
1516
1
hih-bfbg 1
1518
1
jjc-bfbi 1
1519
1
beif-bfbj 1
1520
1
ghc-bfca 1
1521
3
gfa-bfcb 1
gaj-bfcb 1
bbba-bfcb 1
1522
1
gga-bfcc 1
1523
3
ggc-bfcd 1
bcdc-bfcd 1
bdbj-bfcd 1
1524
1
jh-bfce 1
1525
1
bca-bfcf 1
1526
3
bfgg-bfcg 1
cjc-bfcg 1
bgdj-bfcg 1
1527
1
bafe-bfch 1
1528
1
fjb-bfci 1
1529
2
gh-bfcj 1
dif-bfcj 1
1530
1
baai-bfda 2
1531
1
iih-bfdb 1
1534
1
jgf-bfde 1
1535
1
ddf-bfdf 1
1536
1
bdfi-bfdg 1
1537
1
bdec-bfdh 1
1538
1
fgc-bfdi 2
1539
2
dgg-bfdj 1
bddd-bfdj 1
1540
1
jdg-bfea 1
1541
1
ggf-bfeb 1
1542
2
edg-bfec 1
bdge-bfec 1
1543
2
iia-bfed 1
iea-bfed 1
1544
2
dae-bfee 1
fhi-bfee 1
1545
3
faa-bfef 1
bgda-bfef 2
ied-bfef 1
1546
1
dfb-bfeg 1
1547
1
fdc-bfeh 1
1549
1
bdia-bfej 1
1550
1
iab-bffa 1
1551
1
bda-bffb 1
1552
1
iai-bffc 1
1555
1
becg-bfff 1
1556
1
gci-bffg 1
1557
1
ghi-bffh 1
1558
1
ed-bffi 1
1559
1
eda-bffj 1
1561
2
beif-bfgb 1
bcfj-bfgb 1
1562
1
bdac-bfgc 1
1563
1
ihj-bfgd 1
1564
1
chj-bfge 1
1565
2
bgga-bfgf 1
eig-bfgf 1
1566
1
ec-bfgg 1
1567
1
bbie-bfgh 1
1568
2
bgej-bfgi 1
fea-bfgi 2
1570
1
cga-bfha 1
1571
1
bhg-bfhb 1
1572
1
dgd-bfhc 1
1573
1
bdgb-bfhd 1
1574
1
bfi-bfhe 1
1575
2
jjj-bfhf 1
ded-bfhf 1
1576
2
bfhi-bfhg 1
ibi-bfhg 1
1577
1
ibh-bfhh 1
1578
1
ice-bfhi 1
1579
1
bejj-bfhj 2
1580
1
df-bfia 1
1581
1
bdca-bfib 1
1582
2
bgfg-bfic 1
igc-bfic 1
1583
1
hfa-bfid 1
1584
1
ceh-bfie 1
1585
2
dfi-bfif 1
caa-bfif 1
1587
1
cif-bfih 1
1588
2
edc-bfii 1
hjg-bfii 1
1589
1
gih-bfij 1
1590
1
bie-bfja 1
1591
1
icj-bfjb 1
1592
1
bej-bfjc 1
1593
1
bajd-bfjd 1
1594
1
bfba-bfje 1
1595
1
cdg-bfjf 1
1596
1
bdej-bfjg 1
1599
1
hhg-bfjj 1
1600
1
bcdd-bgaa 1
1601
1
fga-bgab 1
1602
1
babg-bgac 1
1603
1
bdba-bgad 1
1604
1
bajd-bgae 1
1606
1
bed-bgag 1
1607
1
bdhi-bgah 1
1608
1
baji-bgai 1
1609
1
egb-bgaj 1
1610
1
ddd-bgba 1
1612
1
bba-bgbc 1
1613
1
bfje-bgbd 2
1614
1
bfhe-bgbe 1
1615
1
bbfa-bgbf 1
1616
1
dff-bgbg 1
1617
2
bgfh-bgbh 1
ece-bgbh 1
1618
1
bfjc-bgbi 1
1619
1
cbj-bgbj 1
1621
1
icd-bgcb 1
1622
2
bdbe-bgcc 1
dga-bgcc 1
1625
1
cib-bgcf 1
1626
1
cba-bgcg 1
1627
1
cga-bgch 1
1628
2
hje-bgci 1
bda-bgci 1
1629
1
beeg-bgcj 1
1630
1
bcai-bgda 1
1631
1
jdd-bgdb 1
1632
1
gbb-bgdc 1
1633
2
ede-bgdd 2
bhf-bgdd 1
1634
1
beic-bgde 1
1635
1
bbia-bgdf 1
1636
1
baf-bgdg 1
1637
1
hhh-bgdh 1
1638
2
bach-bgdi 1
jdi-bgdi 1
1639
1
jdb-bgdj 1
1640
1
bcia-bgea 1
1641
1
ega-bgeb 1
1642
2
bacg-bgec 1
djd-bgec 1
1645
1
fed-bgef 1
1646
1
baca-bgeg 1
1647
1
bece-bgeh 1
1649
1
jej-bgej 1
1650
1
bddj-bgfa 1
1652
1
bfjg-bgfc 1
1653
2
ddb-bgfd 1
gif-bgfd 1
1654
1
bfcf-bgfe 1
1655
1
bcgh-bgff 1
1656
1
bce-bgfg 1
1657
1
bgbi-bgfh 1
1658
1
bie-bgfi 1
1659
1
eef-bgfj 1
1660
1
bdhi-bgga 1
1661
1
bdhg-bggb 1
